2015-01-15T13:48:13+00:00 ERR (3): Notice: MemcachePool::get(): Server unix:///var/tmp/memcached.theunder.theunder100.com_cache.sock (tcp 0, udp 0) failed with: No such file or directory (2)  in /chroot/home/beaglest/beagles-testing.com/html/lib/Zend/Cache/Backend/Memcached.php on line 180
2015-01-15T13:49:02+00:00 ERR (3): Notice: MemcachePool::get(): Server unix:///var/tmp/memcached.theunder.theunder100.com_cache.sock (tcp 0, udp 0) failed with: No such file or directory (2)  in /chroot/home/beaglest/beagles-testing.com/html/lib/Zend/Cache/Backend/Memcached.php on line 180
2015-01-16T06:34:57+00:00 ERR (3): Notice: MemcachePool::get(): Server unix:///var/tmp/memcached.theunder.theunder100.com_cache.sock (tcp 0, udp 0) failed with: No such file or directory (2)  in /chroot/home/beaglest/beagles-testing.com/html/lib/Zend/Cache/Backend/Memcached.php on line 180
2015-01-16T06:35:47+00:00 ERR (3): Notice: MemcachePool::get(): Server unix:///var/tmp/memcached.theunder.theunder100.com_cache.sock (tcp 0, udp 0) failed with: No such file or directory (2)  in /chroot/home/beaglest/beagles-testing.com/html/lib/Zend/Cache/Backend/Memcached.php on line 180
2015-01-16T06:41:51+00:00 ERR (3): Warning: Invalid argument supplied for foreach()  in /chroot/home/beaglest/beagles-testing.com/html/app/design/frontend/under/default/template/page/Under-Index.phtml on line 53
2015-01-16T06:41:51+00:00 ERR (3): Warning: Invalid argument supplied for foreach()  in /chroot/home/beaglest/beagles-testing.com/html/app/design/frontend/under/default/template/page/Under-Index.phtml on line 67
2015-01-16T06:42:18+00:00 ERR (3): Warning: Invalid argument supplied for foreach()  in /chroot/home/beaglest/beagles-testing.com/html/app/design/frontend/under/default/template/page/Under-Index.phtml on line 53
2015-01-16T06:42:18+00:00 ERR (3): Warning: Invalid argument supplied for foreach()  in /chroot/home/beaglest/beagles-testing.com/html/app/design/frontend/under/default/template/page/Under-Index.phtml on line 67
2015-01-16T06:43:14+00:00 ERR (3): Notice: Undefined variable: currentUrl  in /chroot/home/beaglest/beagles-testing.com/html/app/design/frontend/base/default/template/quicklogin/top.links.phtml on line 11
2015-01-16T06:43:35+00:00 ERR (3): Warning: Invalid argument supplied for foreach()  in /chroot/home/beaglest/beagles-testing.com/html/app/design/frontend/under/default/template/page/Under-Index.phtml on line 53
2015-01-16T06:43:35+00:00 ERR (3): Warning: Invalid argument supplied for foreach()  in /chroot/home/beaglest/beagles-testing.com/html/app/design/frontend/under/default/template/page/Under-Index.phtml on line 67
2015-01-16T07:00:03+00:00 ERR (3): Warning: include(Mage/Productranking/Model/Standard.php): failed to open stream: No such file or directory  in /chroot/home/beaglest/beagles-testing.com/html/lib/Varien/Autoload.php on line 93
2015-01-16T07:00:03+00:00 ERR (3): Warning: include(Mage/Productranking/Model/Standard.php): failed to open stream: No such file or directory  in /chroot/home/beaglest/beagles-testing.com/html/lib/Varien/Autoload.php on line 93
2015-01-16T07:00:03+00:00 ERR (3): Warning: include(): Failed opening 'Mage/Productranking/Model/Standard.php' for inclusion (include_path='/chroot/home/beaglest/beagles-testing.com/html/app/code/local:/chroot/home/beaglest/beagles-testing.com/html/app/code/community:/chroot/home/beaglest/beagles-testing.com/html/app/code/core:/chroot/home/beaglest/beagles-testing.com/html/lib:.:/usr/share/pear:/usr/share/php')  in /chroot/home/beaglest/beagles-testing.com/html/lib/Varien/Autoload.php on line 93
2015-01-16T07:03:40+00:00 ERR (3): Warning: Invalid argument supplied for foreach()  in /chroot/home/beaglest/beagles-testing.com/html/app/design/frontend/under/default/template/page/Under-Index.phtml on line 53
2015-01-16T07:03:40+00:00 ERR (3): Warning: Invalid argument supplied for foreach()  in /chroot/home/beaglest/beagles-testing.com/html/app/design/frontend/under/default/template/page/Under-Index.phtml on line 67
2015-01-16T07:04:47+00:00 ERR (3): Warning: Invalid argument supplied for foreach()  in /chroot/home/beaglest/beagles-testing.com/html/app/design/frontend/under/default/template/page/Under-Index.phtml on line 53
2015-01-16T07:04:47+00:00 ERR (3): Warning: Invalid argument supplied for foreach()  in /chroot/home/beaglest/beagles-testing.com/html/app/design/frontend/under/default/template/page/Under-Index.phtml on line 67
2015-01-16T07:05:14+00:00 ERR (3): Warning: Invalid argument supplied for foreach()  in /chroot/home/beaglest/beagles-testing.com/html/app/design/frontend/under/default/template/page/Under-Index.phtml on line 53
2015-01-16T07:05:14+00:00 ERR (3): Warning: Invalid argument supplied for foreach()  in /chroot/home/beaglest/beagles-testing.com/html/app/design/frontend/under/default/template/page/Under-Index.phtml on line 67
2015-01-16T07:05:18+00:00 ERR (3): Warning: Invalid argument supplied for foreach()  in /chroot/home/beaglest/beagles-testing.com/html/app/design/frontend/under/default/template/page/Under-Index.phtml on line 53
2015-01-16T07:05:18+00:00 ERR (3): Warning: Invalid argument supplied for foreach()  in /chroot/home/beaglest/beagles-testing.com/html/app/design/frontend/under/default/template/page/Under-Index.phtml on line 67
2015-01-16T07:05:35+00:00 ERR (3): Warning: Invalid argument supplied for foreach()  in /chroot/home/beaglest/beagles-testing.com/html/app/design/frontend/under/default/template/page/Under-Index.phtml on line 53
2015-01-16T07:05:35+00:00 ERR (3): Warning: Invalid argument supplied for foreach()  in /chroot/home/beaglest/beagles-testing.com/html/app/design/frontend/under/default/template/page/Under-Index.phtml on line 67
2015-01-16T07:05:42+00:00 DEBUG (7): HEADERS ALREADY SENT: <pre>[0] /chroot/home/beaglest/beagles-testing.com/html/app/code/core/Mage/Core/Controller/Response/Http.php:52
[1] /chroot/home/beaglest/beagles-testing.com/html/lib/Zend/Controller/Response/Abstract.php:768
[2] /chroot/home/beaglest/beagles-testing.com/html/app/code/core/Mage/Core/Controller/Response/Http.php:84
[3] /chroot/home/beaglest/beagles-testing.com/html/app/code/core/Mage/Core/Controller/Varien/Front.php:184
[4] /chroot/home/beaglest/beagles-testing.com/html/app/code/core/Mage/Core/Model/App.php:354
[5] /chroot/home/beaglest/beagles-testing.com/html/app/Mage.php:684
[6] /chroot/home/beaglest/beagles-testing.com/html/index.php:87
</pre>
2015-01-16T07:05:50+00:00 ERR (3): Warning: Invalid argument supplied for foreach()  in /chroot/home/beaglest/beagles-testing.com/html/app/design/frontend/under/default/template/page/Under-Index.phtml on line 53
2015-01-16T07:05:50+00:00 ERR (3): Warning: Invalid argument supplied for foreach()  in /chroot/home/beaglest/beagles-testing.com/html/app/design/frontend/under/default/template/page/Under-Index.phtml on line 67
2015-01-16T07:06:36+00:00 ERR (3): Notice: Undefined variable: currentUrl  in /chroot/home/beaglest/beagles-testing.com/html/app/design/frontend/base/default/template/quicklogin/top.links.phtml on line 11
2015-01-16T08:05:10+00:00 ERR (3): Warning: include(Mage/Productranking/Model/Standard.php): failed to open stream: No such file or directory  in /chroot/home/beaglest/beagles-testing.com/html/lib/Varien/Autoload.php on line 93
2015-01-16T08:05:10+00:00 ERR (3): Warning: include(Mage/Productranking/Model/Standard.php): failed to open stream: No such file or directory  in /chroot/home/beaglest/beagles-testing.com/html/lib/Varien/Autoload.php on line 93
2015-01-16T08:05:10+00:00 ERR (3): Warning: include(): Failed opening 'Mage/Productranking/Model/Standard.php' for inclusion (include_path='/chroot/home/beaglest/beagles-testing.com/html/app/code/local:/chroot/home/beaglest/beagles-testing.com/html/app/code/community:/chroot/home/beaglest/beagles-testing.com/html/app/code/core:/chroot/home/beaglest/beagles-testing.com/html/lib:.:/usr/share/pear:/usr/share/php')  in /chroot/home/beaglest/beagles-testing.com/html/lib/Varien/Autoload.php on line 93
2015-01-16T08:58:07+00:00 ERR (3): Warning: Invalid argument supplied for foreach()  in /chroot/home/beaglest/beagles-testing.com/html/app/design/frontend/under/default/template/page/Under-Index.phtml on line 53
2015-01-16T08:58:07+00:00 ERR (3): Warning: Invalid argument supplied for foreach()  in /chroot/home/beaglest/beagles-testing.com/html/app/design/frontend/under/default/template/page/Under-Index.phtml on line 67
2015-01-16T09:00:03+00:00 ERR (3): Warning: include(Mage/Productranking/Model/Standard.php): failed to open stream: No such file or directory  in /chroot/home/beaglest/beagles-testing.com/html/lib/Varien/Autoload.php on line 93
2015-01-16T09:00:03+00:00 ERR (3): Warning: include(Mage/Productranking/Model/Standard.php): failed to open stream: No such file or directory  in /chroot/home/beaglest/beagles-testing.com/html/lib/Varien/Autoload.php on line 93
2015-01-16T09:00:03+00:00 ERR (3): Warning: include(): Failed opening 'Mage/Productranking/Model/Standard.php' for inclusion (include_path='/chroot/home/beaglest/beagles-testing.com/html/app/code/local:/chroot/home/beaglest/beagles-testing.com/html/app/code/community:/chroot/home/beaglest/beagles-testing.com/html/app/code/core:/chroot/home/beaglest/beagles-testing.com/html/lib:.:/usr/share/pear:/usr/share/php')  in /chroot/home/beaglest/beagles-testing.com/html/lib/Varien/Autoload.php on line 93
2015-01-16T09:02:30+00:00 ERR (3): Warning: Invalid argument supplied for foreach()  in /chroot/home/beaglest/beagles-testing.com/html/app/design/frontend/under/default/template/page/Under-Index.phtml on line 53
2015-01-16T09:02:30+00:00 ERR (3): Warning: Invalid argument supplied for foreach()  in /chroot/home/beaglest/beagles-testing.com/html/app/design/frontend/under/default/template/page/Under-Index.phtml on line 67
2015-01-16T09:03:35+00:00 ERR (3): Warning: Invalid argument supplied for foreach()  in /chroot/home/beaglest/beagles-testing.com/html/app/design/frontend/under/default/template/page/Under-Index.phtml on line 53
2015-01-16T09:03:35+00:00 ERR (3): Warning: Invalid argument supplied for foreach()  in /chroot/home/beaglest/beagles-testing.com/html/app/design/frontend/under/default/template/page/Under-Index.phtml on line 67
2015-01-16T09:04:50+00:00 ERR (3): Warning: Invalid argument supplied for foreach()  in /chroot/home/beaglest/beagles-testing.com/html/app/design/frontend/under/default/template/page/Under-Index.phtml on line 53
2015-01-16T09:04:50+00:00 ERR (3): Warning: Invalid argument supplied for foreach()  in /chroot/home/beaglest/beagles-testing.com/html/app/design/frontend/under/default/template/page/Under-Index.phtml on line 67
2015-01-16T09:04:55+00:00 ERR (3): Warning: Invalid argument supplied for foreach()  in /chroot/home/beaglest/beagles-testing.com/html/app/design/frontend/under/default/template/page/Under-Index.phtml on line 53
2015-01-16T09:04:55+00:00 ERR (3): Warning: Invalid argument supplied for foreach()  in /chroot/home/beaglest/beagles-testing.com/html/app/design/frontend/under/default/template/page/Under-Index.phtml on line 67
2015-01-16T09:08:44+00:00 ERR (3): Warning: Invalid argument supplied for foreach()  in /chroot/home/beaglest/beagles-testing.com/html/app/design/frontend/under/default/template/page/Under-Index.phtml on line 53
2015-01-16T09:08:44+00:00 ERR (3): Warning: Invalid argument supplied for foreach()  in /chroot/home/beaglest/beagles-testing.com/html/app/design/frontend/under/default/template/page/Under-Index.phtml on line 67
2015-01-16T09:18:12+00:00 ERR (3): Warning: Invalid argument supplied for foreach()  in /chroot/home/beaglest/beagles-testing.com/html/app/design/frontend/under/default/template/page/Under-Index.phtml on line 53
2015-01-16T09:18:12+00:00 ERR (3): Warning: Invalid argument supplied for foreach()  in /chroot/home/beaglest/beagles-testing.com/html/app/design/frontend/under/default/template/page/Under-Index.phtml on line 67
2015-01-16T09:28:01+00:00 ERR (3): Warning: Invalid argument supplied for foreach()  in /chroot/home/beaglest/beagles-testing.com/html/app/design/frontend/under/default/template/page/Under-Index.phtml on line 53
2015-01-16T09:28:01+00:00 ERR (3): Warning: Invalid argument supplied for foreach()  in /chroot/home/beaglest/beagles-testing.com/html/app/design/frontend/under/default/template/page/Under-Index.phtml on line 67
2015-01-16T09:29:06+00:00 ERR (3): Warning: Invalid argument supplied for foreach()  in /chroot/home/beaglest/beagles-testing.com/html/app/design/frontend/under/default/template/page/Under-Index.phtml on line 53
2015-01-16T09:29:06+00:00 ERR (3): Warning: Invalid argument supplied for foreach()  in /chroot/home/beaglest/beagles-testing.com/html/app/design/frontend/under/default/template/page/Under-Index.phtml on line 67
2015-01-16T09:29:30+00:00 ERR (3): Warning: Invalid argument supplied for foreach()  in /chroot/home/beaglest/beagles-testing.com/html/app/design/frontend/under/default/template/page/Under-Index.phtml on line 53
2015-01-16T09:29:30+00:00 ERR (3): Warning: Invalid argument supplied for foreach()  in /chroot/home/beaglest/beagles-testing.com/html/app/design/frontend/under/default/template/page/Under-Index.phtml on line 67
2015-01-16T09:29:35+00:00 DEBUG (7): HEADERS ALREADY SENT: <pre>[0] /chroot/home/beaglest/beagles-testing.com/html/app/code/core/Mage/Core/Controller/Response/Http.php:52
[1] /chroot/home/beaglest/beagles-testing.com/html/lib/Zend/Controller/Response/Abstract.php:768
[2] /chroot/home/beaglest/beagles-testing.com/html/app/code/core/Mage/Core/Controller/Response/Http.php:84
[3] /chroot/home/beaglest/beagles-testing.com/html/app/code/core/Mage/Core/Controller/Varien/Front.php:184
[4] /chroot/home/beaglest/beagles-testing.com/html/app/code/core/Mage/Core/Model/App.php:354
[5] /chroot/home/beaglest/beagles-testing.com/html/app/Mage.php:684
[6] /chroot/home/beaglest/beagles-testing.com/html/index.php:87
</pre>
2015-01-16T09:29:53+00:00 ERR (3): Warning: Invalid argument supplied for foreach()  in /chroot/home/beaglest/beagles-testing.com/html/app/design/frontend/under/default/template/page/Under-Index.phtml on line 53
2015-01-16T09:29:53+00:00 ERR (3): Warning: Invalid argument supplied for foreach()  in /chroot/home/beaglest/beagles-testing.com/html/app/design/frontend/under/default/template/page/Under-Index.phtml on line 67
2015-01-16T09:30:00+00:00 DEBUG (7): HEADERS ALREADY SENT: <pre>[0] /chroot/home/beaglest/beagles-testing.com/html/app/code/core/Mage/Core/Controller/Response/Http.php:52
[1] /chroot/home/beaglest/beagles-testing.com/html/lib/Zend/Controller/Response/Abstract.php:768
[2] /chroot/home/beaglest/beagles-testing.com/html/app/code/core/Mage/Core/Controller/Response/Http.php:84
[3] /chroot/home/beaglest/beagles-testing.com/html/app/code/core/Mage/Core/Controller/Varien/Front.php:184
[4] /chroot/home/beaglest/beagles-testing.com/html/app/code/core/Mage/Core/Model/App.php:354
[5] /chroot/home/beaglest/beagles-testing.com/html/app/Mage.php:684
[6] /chroot/home/beaglest/beagles-testing.com/html/index.php:87
</pre>
2015-01-16T09:30:19+00:00 ERR (3): Warning: Invalid argument supplied for foreach()  in /chroot/home/beaglest/beagles-testing.com/html/app/design/frontend/under/default/template/page/Under-Index.phtml on line 53
2015-01-16T10:00:05+00:00 ERR (3): Warning: include(Mage/Productranking/Model/Standard.php): failed to open stream: No such file or directory  in /chroot/home/beaglest/beagles-testing.com/html/lib/Varien/Autoload.php on line 93
2015-01-16T10:00:05+00:00 ERR (3): Warning: include(Mage/Productranking/Model/Standard.php): failed to open stream: No such file or directory  in /chroot/home/beaglest/beagles-testing.com/html/lib/Varien/Autoload.php on line 93
2015-01-16T10:00:05+00:00 ERR (3): Warning: include(): Failed opening 'Mage/Productranking/Model/Standard.php' for inclusion (include_path='/chroot/home/beaglest/beagles-testing.com/html/app/code/local:/chroot/home/beaglest/beagles-testing.com/html/app/code/community:/chroot/home/beaglest/beagles-testing.com/html/app/code/core:/chroot/home/beaglest/beagles-testing.com/html/lib:.:/usr/share/pear:/usr/share/php')  in /chroot/home/beaglest/beagles-testing.com/html/lib/Varien/Autoload.php on line 93
2015-01-16T10:23:25+00:00 ERR (3): Warning: Invalid argument supplied for foreach()  in /chroot/home/beaglest/beagles-testing.com/html/app/design/frontend/under/default/template/page/Under-Index.phtml on line 53
2015-01-16T10:23:25+00:00 ERR (3): Warning: Invalid argument supplied for foreach()  in /chroot/home/beaglest/beagles-testing.com/html/app/design/frontend/under/default/template/page/Under-Index.phtml on line 67
2015-01-16T10:23:26+00:00 ERR (3): Warning: imagecolorsforindex(): Color index 255 out of range  in /chroot/home/beaglest/beagles-testing.com/html/lib/Varien/Image/Adapter/Gd2.php on line 227
2015-01-16T10:23:26+00:00 ERR (3): Warning: array_values() expects parameter 1 to be array, boolean given  in /chroot/home/beaglest/beagles-testing.com/html/lib/Varien/Image/Adapter/Gd2.php on line 227
2015-01-16T11:00:03+00:00 ERR (3): Warning: include(Mage/Productranking/Model/Standard.php): failed to open stream: No such file or directory  in /chroot/home/beaglest/beagles-testing.com/html/lib/Varien/Autoload.php on line 93
2015-01-16T11:00:03+00:00 ERR (3): Warning: include(Mage/Productranking/Model/Standard.php): failed to open stream: No such file or directory  in /chroot/home/beaglest/beagles-testing.com/html/lib/Varien/Autoload.php on line 93
2015-01-16T11:00:03+00:00 ERR (3): Warning: include(): Failed opening 'Mage/Productranking/Model/Standard.php' for inclusion (include_path='/chroot/home/beaglest/beagles-testing.com/html/app/code/local:/chroot/home/beaglest/beagles-testing.com/html/app/code/community:/chroot/home/beaglest/beagles-testing.com/html/app/code/core:/chroot/home/beaglest/beagles-testing.com/html/lib:.:/usr/share/pear:/usr/share/php')  in /chroot/home/beaglest/beagles-testing.com/html/lib/Varien/Autoload.php on line 93
2015-01-16T11:21:51+00:00 ERR (3): Warning: Invalid argument supplied for foreach()  in /chroot/home/beaglest/beagles-testing.com/html/app/design/frontend/under/default/template/page/Under-Index.phtml on line 53
2015-01-16T11:21:51+00:00 ERR (3): Warning: Invalid argument supplied for foreach()  in /chroot/home/beaglest/beagles-testing.com/html/app/design/frontend/under/default/template/page/Under-Index.phtml on line 67
2015-01-16T11:37:07+00:00 ERR (3): Notice: Undefined variable: currentUrl  in /chroot/home/beaglest/beagles-testing.com/html/app/design/frontend/base/default/template/quicklogin/top.links.phtml on line 11
2015-01-16T11:40:04+00:00 ERR (3): Warning: Invalid argument supplied for foreach()  in /chroot/home/beaglest/beagles-testing.com/html/app/design/frontend/under/default/template/page/Under-Index.phtml on line 53
2015-01-16T11:40:04+00:00 ERR (3): Warning: Invalid argument supplied for foreach()  in /chroot/home/beaglest/beagles-testing.com/html/app/design/frontend/under/default/template/page/Under-Index.phtml on line 67
2015-01-16T11:49:14+00:00 ERR (3): Warning: Invalid argument supplied for foreach()  in /chroot/home/beaglest/beagles-testing.com/html/app/design/frontend/under/default/template/page/Under-Index.phtml on line 53
2015-01-16T11:49:14+00:00 ERR (3): Warning: Invalid argument supplied for foreach()  in /chroot/home/beaglest/beagles-testing.com/html/app/design/frontend/under/default/template/page/Under-Index.phtml on line 67
2015-01-16T11:49:17+00:00 DEBUG (7): HEADERS ALREADY SENT: <pre>[0] /chroot/home/beaglest/beagles-testing.com/html/app/code/core/Mage/Core/Controller/Response/Http.php:52
[1] /chroot/home/beaglest/beagles-testing.com/html/lib/Zend/Controller/Response/Abstract.php:768
[2] /chroot/home/beaglest/beagles-testing.com/html/app/code/core/Mage/Core/Controller/Response/Http.php:84
[3] /chroot/home/beaglest/beagles-testing.com/html/app/code/core/Mage/Core/Controller/Varien/Front.php:184
[4] /chroot/home/beaglest/beagles-testing.com/html/app/code/core/Mage/Core/Model/App.php:354
[5] /chroot/home/beaglest/beagles-testing.com/html/app/Mage.php:684
[6] /chroot/home/beaglest/beagles-testing.com/html/index.php:87
</pre>
2015-01-16T11:51:51+00:00 ERR (3): Warning: Invalid argument supplied for foreach()  in /chroot/home/beaglest/beagles-testing.com/html/app/design/frontend/under/default/template/page/Under-Index.phtml on line 53
2015-01-16T11:51:51+00:00 ERR (3): Warning: Invalid argument supplied for foreach()  in /chroot/home/beaglest/beagles-testing.com/html/app/design/frontend/under/default/template/page/Under-Index.phtml on line 67
2015-01-16T11:51:57+00:00 ERR (3): Notice: Undefined variable: currentUrl  in /chroot/home/beaglest/beagles-testing.com/html/app/design/frontend/base/default/template/quicklogin/top.links.phtml on line 11
2015-01-16T11:53:24+00:00 ERR (3): Notice: Undefined variable: currentUrl  in /chroot/home/beaglest/beagles-testing.com/html/app/design/frontend/base/default/template/quicklogin/top.links.phtml on line 11
2015-01-16T11:54:06+00:00 ERR (3): Notice: Undefined variable: currentUrl  in /chroot/home/beaglest/beagles-testing.com/html/app/design/frontend/base/default/template/quicklogin/top.links.phtml on line 11
2015-01-16T12:32:03+00:00 ERR (3): Notice: Undefined variable: currentUrl  in /Library/WebServer/Documents/html/app/design/frontend/base/default/template/quicklogin/top.links.phtml on line 11
2015-01-16T12:33:41+00:00 ERR (3): Notice: Undefined variable: currentUrl  in /Library/WebServer/Documents/html/app/design/frontend/base/default/template/quicklogin/top.links.phtml on line 11
2015-01-16T12:42:15+00:00 ERR (3): Notice: Undefined variable: currentUrl  in /Library/WebServer/Documents/html/app/design/frontend/base/default/template/quicklogin/top.links.phtml on line 11
2015-01-16T12:42:23+00:00 ERR (3): Notice: Array to string conversion  in /Library/WebServer/Documents/html/app/code/local/Beagles/Clicks/controllers/IndexController.php on line 13
2015-01-16T12:42:23+00:00 DEBUG (7): Array
(
    [product_id] => 10
    [count] => 20
)

2015-01-16T12:43:09+00:00 ERR (3): Notice: Array to string conversion  in /Library/WebServer/Documents/html/app/code/local/Beagles/Clicks/controllers/IndexController.php on line 13
2015-01-16T12:43:09+00:00 DEBUG (7): Array
(
    [product_id] => 10
    [count] => 20
)

2015-01-16T13:43:40+00:00 DEBUG (7): GaussDev_Core_Model_Api Object
(
    [_filtersMap:protected] => Array
        (
            [product_id] => entity_id
            [set] => attribute_set_id
            [type] => type_id
        )

    [_resourceConfig:protected] => 
)

2015-01-16T13:45:40+00:00 DEBUG (7): Mage_Customer_Model_Customer_Api Object
(
    [_mapAttributes:protected] => Array
        (
            [customer_id] => entity_id
        )

    [_ignoredAttributeCodes:protected] => Array
        (
            [0] => entity_id
            [1] => attribute_set_id
            [2] => entity_type_id
        )

    [_ignoredAttributeTypes:protected] => Array
        (
        )

    [_resourceConfig:protected] => 
)

2015-01-16T13:46:34+00:00 DEBUG (7): Beagles_Clicks_Model_Clicks Object
(
    [_eventPrefix:protected] => core_abstract
    [_eventObject:protected] => object
    [_resourceName:protected] => clicks/clicks
    [_resource:protected] => 
    [_resourceCollectionName:protected] => clicks/clicks_collection
    [_cacheTag:protected] => 
    [_dataSaveAllowed:protected] => 1
    [_isObjectNew:protected] => 
    [_data:protected] => Array
        (
        )

    [_hasDataChanges:protected] => 
    [_origData:protected] => 
    [_idFieldName:protected] => 
    [_isDeleted:protected] => 
    [_oldFieldsMap:protected] => Array
        (
        )

    [_syncFieldsMap:protected] => Array
        (
        )

)

2015-01-16T13:46:34+00:00 DEBUG (7): Object of class Beagles_Clicks_Model_Clicks could not be converted to string/Library/WebServer/Documents/html/app/code/core/Mage/Api/Model/Server/Handler/Abstract.php
2015-01-16T13:47:25+00:00 DEBUG (7): Beagles_Clicks_Model_Clicks Object
(
    [_eventPrefix:protected] => core_abstract
    [_eventObject:protected] => object
    [_resourceName:protected] => clicks/clicks
    [_resource:protected] => 
    [_resourceCollectionName:protected] => clicks/clicks_collection
    [_cacheTag:protected] => 
    [_dataSaveAllowed:protected] => 1
    [_isObjectNew:protected] => 
    [_data:protected] => Array
        (
        )

    [_hasDataChanges:protected] => 
    [_origData:protected] => 
    [_idFieldName:protected] => 
    [_isDeleted:protected] => 
    [_oldFieldsMap:protected] => Array
        (
        )

    [_syncFieldsMap:protected] => Array
        (
        )

)

2015-01-16T13:47:25+00:00 DEBUG (7): Object of class Beagles_Clicks_Model_Clicks could not be converted to string/Library/WebServer/Documents/html/app/code/core/Mage/Api/Model/Server/Handler/Abstract.php
2015-01-16T13:47:55+00:00 DEBUG (7): ... $model
2015-01-16T13:47:55+00:00 DEBUG (7): Beagles_Clicks_Model_Clicks Object
(
    [_eventPrefix:protected] => core_abstract
    [_eventObject:protected] => object
    [_resourceName:protected] => clicks/clicks
    [_resource:protected] => 
    [_resourceCollectionName:protected] => clicks/clicks_collection
    [_cacheTag:protected] => 
    [_dataSaveAllowed:protected] => 1
    [_isObjectNew:protected] => 
    [_data:protected] => Array
        (
        )

    [_hasDataChanges:protected] => 
    [_origData:protected] => 
    [_idFieldName:protected] => 
    [_isDeleted:protected] => 
    [_oldFieldsMap:protected] => Array
        (
        )

    [_syncFieldsMap:protected] => Array
        (
        )

)

2015-01-16T13:47:55+00:00 DEBUG (7): Object of class Beagles_Clicks_Model_Clicks could not be converted to string/Library/WebServer/Documents/html/app/code/core/Mage/Api/Model/Server/Handler/Abstract.php
2015-01-16T13:48:43+00:00 DEBUG (7): ... $model
2015-01-16T13:48:43+00:00 DEBUG (7): Beagles_Clicks_Model_Clicks Object
(
    [_eventPrefix:protected] => core_abstract
    [_eventObject:protected] => object
    [_resourceName:protected] => clicks/clicks
    [_resource:protected] => 
    [_resourceCollectionName:protected] => clicks/clicks_collection
    [_cacheTag:protected] => 
    [_dataSaveAllowed:protected] => 1
    [_isObjectNew:protected] => 
    [_data:protected] => Array
        (
        )

    [_hasDataChanges:protected] => 
    [_origData:protected] => 
    [_idFieldName:protected] => 
    [_isDeleted:protected] => 
    [_oldFieldsMap:protected] => Array
        (
        )

    [_syncFieldsMap:protected] => Array
        (
        )

)

2015-01-16T13:48:43+00:00 DEBUG (7): create
2015-01-16T13:48:43+00:00 DEBUG (7): Object of class Beagles_Clicks_Model_Clicks could not be converted to string/Library/WebServer/Documents/html/app/code/core/Mage/Api/Model/Server/Handler/Abstract.php
2015-01-16T13:50:02+00:00 DEBUG (7): ... $model
2015-01-16T13:50:03+00:00 DEBUG (7): Beagles_Clicks_Model_Clicks Object
(
    [_eventPrefix:protected] => core_abstract
    [_eventObject:protected] => object
    [_resourceName:protected] => clicks/clicks
    [_resource:protected] => 
    [_resourceCollectionName:protected] => clicks/clicks_collection
    [_cacheTag:protected] => 
    [_dataSaveAllowed:protected] => 1
    [_isObjectNew:protected] => 
    [_data:protected] => Array
        (
        )

    [_hasDataChanges:protected] => 
    [_origData:protected] => 
    [_idFieldName:protected] => 
    [_isDeleted:protected] => 
    [_oldFieldsMap:protected] => Array
        (
        )

    [_syncFieldsMap:protected] => Array
        (
        )

)

2015-01-16T13:50:03+00:00 DEBUG (7): Beagles_Clicks_Model_Clicks
2015-01-16T13:50:03+00:00 DEBUG (7): create
2015-01-16T13:50:03+00:00 DEBUG (7): Object of class Beagles_Clicks_Model_Clicks could not be converted to string/Library/WebServer/Documents/html/app/code/core/Mage/Api/Model/Server/Handler/Abstract.php
2015-01-16T13:54:29+00:00 DEBUG (7): ... $model
2015-01-16T13:54:29+00:00 DEBUG (7): Beagles_Clicks_Model_Clicks Object
(
    [_eventPrefix:protected] => core_abstract
    [_eventObject:protected] => object
    [_resourceName:protected] => clicks/clicks
    [_resource:protected] => 
    [_resourceCollectionName:protected] => clicks/clicks_collection
    [_cacheTag:protected] => 
    [_dataSaveAllowed:protected] => 1
    [_isObjectNew:protected] => 
    [_data:protected] => Array
        (
        )

    [_hasDataChanges:protected] => 
    [_origData:protected] => 
    [_idFieldName:protected] => 
    [_isDeleted:protected] => 
    [_oldFieldsMap:protected] => Array
        (
        )

    [_syncFieldsMap:protected] => Array
        (
        )

)

2015-01-16T13:54:29+00:00 DEBUG (7): Beagles_Clicks_Model_Clicks
2015-01-16T13:54:29+00:00 DEBUG (7): create
2015-01-16T13:54:29+00:00 DEBUG (7): Object of class Beagles_Clicks_Model_Clicks could not be converted to string/Library/WebServer/Documents/html/app/code/core/Mage/Api/Model/Server/Handler/Abstract.php
2015-01-16T13:56:03+00:00 DEBUG (7): ... $model
2015-01-16T13:56:03+00:00 DEBUG (7): Beagles_Clicks_Model_Clicks Object
(
    [_eventPrefix:protected] => core_abstract
    [_eventObject:protected] => object
    [_resourceName:protected] => clicks/clicks
    [_resource:protected] => 
    [_resourceCollectionName:protected] => clicks/clicks_collection
    [_cacheTag:protected] => 
    [_dataSaveAllowed:protected] => 1
    [_isObjectNew:protected] => 
    [_data:protected] => Array
        (
        )

    [_hasDataChanges:protected] => 
    [_origData:protected] => 
    [_idFieldName:protected] => 
    [_isDeleted:protected] => 
    [_oldFieldsMap:protected] => Array
        (
        )

    [_syncFieldsMap:protected] => Array
        (
        )

)

2015-01-16T13:56:03+00:00 DEBUG (7): Beagles_Clicks_Model_Clicks
2015-01-16T13:56:03+00:00 DEBUG (7): create
2015-01-16T13:56:03+00:00 DEBUG (7): Object of class Beagles_Clicks_Model_Clicks could not be converted to string/Library/WebServer/Documents/html/app/code/core/Mage/Api/Model/Server/Handler/Abstract.php
2015-01-17T05:21:31+00:00 ERR (3): Notice: Array to string conversion  in /Library/WebServer/Documents/html/app/code/local/Beagles/Clicks/controllers/IndexController.php on line 13
2015-01-17T05:21:31+00:00 DEBUG (7): Array
(
    [product_id] => 10
    [count] => 20
)

2015-01-17T05:36:57+00:00 DEBUG (7): ... $model
2015-01-17T05:36:57+00:00 DEBUG (7): 
2015-01-17T05:36:57+00:00 DEBUG (7): get_class() expects parameter 1 to be object, boolean given/Library/WebServer/Documents/html/app/code/core/Mage/Api/Model/Server/Handler/Abstract.php
2015-01-17T05:36:57+00:00 DEBUG (7): 
2015-01-17T05:36:57+00:00 DEBUG (7): create
2015-01-17T05:36:57+00:00 DEBUG (7): model: , method: create ::-> Line 302 in file /Library/WebServer/Documents/html/app/code/core/Mage/Api/Model/Server/Handler/Abstract.php
2015-01-17T05:39:29+00:00 DEBUG (7): ... $model
2015-01-17T05:39:30+00:00 DEBUG (7): Beagles_Clicks_Model_Clicks Object
(
    [_eventPrefix:protected] => core_abstract
    [_eventObject:protected] => object
    [_resourceName:protected] => clicks/clicks
    [_resource:protected] => 
    [_resourceCollectionName:protected] => clicks/clicks_collection
    [_cacheTag:protected] => 
    [_dataSaveAllowed:protected] => 1
    [_isObjectNew:protected] => 
    [_data:protected] => Array
        (
        )

    [_hasDataChanges:protected] => 
    [_origData:protected] => 
    [_idFieldName:protected] => 
    [_isDeleted:protected] => 
    [_oldFieldsMap:protected] => Array
        (
        )

    [_syncFieldsMap:protected] => Array
        (
        )

)

2015-01-17T05:39:30+00:00 DEBUG (7): Beagles_Clicks_Model_Clicks
2015-01-17T05:39:30+00:00 DEBUG (7): create
2015-01-17T05:39:30+00:00 DEBUG (7): Object of class Beagles_Clicks_Model_Clicks could not be converted to string/Library/WebServer/Documents/html/app/code/core/Mage/Api/Model/Server/Handler/Abstract.php
2015-01-17T05:40:41+00:00 DEBUG (7): Object of class Beagles_Clicks_Model_Clicks could not be converted to string/Library/WebServer/Documents/html/app/code/core/Mage/Api/Model/Server/Handler/Abstract.php
2015-01-17T05:42:06+00:00 DEBUG (7): Object of class Beagles_Clicks_Model_Clicks could not be converted to string/Library/WebServer/Documents/html/app/code/core/Mage/Api/Model/Server/Handler/Abstract.php
2015-01-17T05:42:46+00:00 DEBUG (7): Object of class Beagles_Clicks_Model_Clicks could not be converted to string/Library/WebServer/Documents/html/app/code/core/Mage/Api/Model/Server/Handler/Abstract.php
2015-01-17T05:45:34+00:00 DEBUG (7): Object of class Beagles_Clicks_Model_Clicks could not be converted to string/Library/WebServer/Documents/html/app/code/core/Mage/Api/Model/Server/Handler/Abstract.php
2015-01-17T06:02:34+00:00 ERR (3): Notice: Array to string conversion  in /Library/WebServer/Documents/html/app/code/local/Beagles/Clicks/controllers/IndexController.php on line 13
2015-01-17T06:02:34+00:00 DEBUG (7): Array
(
    [product_id] => 10
    [count] => 20
)

